<?xml version="1.0" encoding="UTF-8"?>
<!-- Generated by org.testng.reporters.JUnitXMLReporter -->
<testsuite hostname="Shivam" ignored="0" name="Test" tests="6" failures="0" timestamp="05 Jul 2022 09:12:53 GMT" time="55.405" errors="0">
  <testcase name="logo" time="0.09" classname="com.test.googletest"/>
  <testcase name="login" time="0.816" classname="com.test.HubspotLogin"/>
  <testcase name="getalllinks" time="18.769" classname="com.test.Google"/>
  <testcase name="title" time="0.013" classname="com.test.Google"/>
  <testcase name="title" time="0.021" classname="com.test.Google"/>
  <testcase name="googleLogo" time="0.084" classname="com.test.Google"/>
</testsuite> <!-- Test -->
