<?xml version="1.0" encoding="UTF-8"?>
<!-- Generated by org.testng.reporters.JUnitXMLReporter -->
<testsuite hostname="Shivam" ignored="0" name="Test" tests="6" failures="0" timestamp="2022-07-05T06:40:56 EDT" time="64.209" errors="0">
  <testcase name="getalllinks" time="20.564" classname="com.test.Google"/>
  <testcase name="title" time="0.114" classname="com.test.Google"/>
  <testcase name="title" time="0.01" classname="com.test.Google"/>
  <testcase name="googleLogo" time="0.427" classname="com.test.Google"/>
  <testcase name="logo" time="0.317" classname="com.test.googletest"/>
  <testcase name="login" time="1.457" classname="com.test.HubspotLogin"/>
</testsuite> <!-- Test -->
