<?xml version="1.0" encoding="UTF-8"?>
<testsuite xmlns:xsi="http://www.w3.org/2001/XMLSchema-instance" xsi:noNamespaceSchemaLocation="https://maven.apache.org/surefire/maven-surefire-plugin/xsd/surefire-test-report-3.0.xsd" version="3.0" name="TestSuite" time="66.137" tests="6" errors="0" skipped="0" failures="0">
  <properties>
[...]
</properties>
  <testcase name="getalllinks" classname="com.test.Google" time="20.565">
    <system-out><![CDATA[https://mail.google.com/mail/&ogbl is not Broken
https://www.google.co.in/imghp?hl=en&ogbl is not Broken
https://www.google.co.in/intl/en/about/products is not Broken
https://accounts.google.com/ServiceLogin?hl=en&passive=true&continue=https://www.google.com/&ec=GAZAmgQ is not Broken
https://www.google.com/# is not Broken
https://www.google.com/setprefs?sig=0_rPufMO0fe8BSjRgJCIClG2ZMPGY%3D&hl=hi&source=homepage&sa=X&ved=0ahUKEwiY-cXMx-H4AhWVR2wGHQ7NCugQ2ZgBCA4 is not Broken
https://www.google.com/setprefs?sig=0_rPufMO0fe8BSjRgJCIClG2ZMPGY%3D&hl=bn&source=homepage&sa=X&ved=0ahUKEwiY-cXMx-H4AhWVR2wGHQ7NCugQ2ZgBCA8 is not Broken
https://www.google.com/setprefs?sig=0_rPufMO0fe8BSjRgJCIClG2ZMPGY%3D&hl=te&source=homepage&sa=X&ved=0ahUKEwiY-cXMx-H4AhWVR2wGHQ7NCugQ2ZgBCBA is not Broken
https://www.google.com/setprefs?sig=0_rPufMO0fe8BSjRgJCIClG2ZMPGY%3D&hl=mr&source=homepage&sa=X&ved=0ahUKEwiY-cXMx-H4AhWVR2wGHQ7NCugQ2ZgBCBE is not Broken
https://www.google.com/setprefs?sig=0_rPufMO0fe8BSjRgJCIClG2ZMPGY%3D&hl=ta&source=homepage&sa=X&ved=0ahUKEwiY-cXMx-H4AhWVR2wGHQ7NCugQ2ZgBCBI is not Broken
https://www.google.com/setprefs?sig=0_rPufMO0fe8BSjRgJCIClG2ZMPGY%3D&hl=gu&source=homepage&sa=X&ved=0ahUKEwiY-cXMx-H4AhWVR2wGHQ7NCugQ2ZgBCBM is not Broken
https://www.google.com/setprefs?sig=0_rPufMO0fe8BSjRgJCIClG2ZMPGY%3D&hl=kn&source=homepage&sa=X&ved=0ahUKEwiY-cXMx-H4AhWVR2wGHQ7NCugQ2ZgBCBQ is not Broken
https://www.google.com/setprefs?sig=0_rPufMO0fe8BSjRgJCIClG2ZMPGY%3D&hl=ml&source=homepage&sa=X&ved=0ahUKEwiY-cXMx-H4AhWVR2wGHQ7NCugQ2ZgBCBU is not Broken
https://www.google.com/setprefs?sig=0_rPufMO0fe8BSjRgJCIClG2ZMPGY%3D&hl=pa&source=homepage&sa=X&ved=0ahUKEwiY-cXMx-H4AhWVR2wGHQ7NCugQ2ZgBCBY is not Broken
https://about.google/?utm_source=google-IN&utm_medium=referral&utm_campaign=hp-footer&fg=1 is not Broken
https://www.google.com/intl/en_in/ads/?subid=ww-ww-et-g-awa-a-g_hpafoot1_1!o2&utm_source=google.com&utm_medium=referral&utm_campaign=google_hpafooter&fg=1 is not Broken
https://www.google.com/services/?subid=ww-ww-et-g-awa-a-g_hpbfoot1_1!o2&utm_source=google.com&utm_medium=referral&utm_campaign=google_hpbfooter&fg=1 is not Broken
https://google.com/search/howsearchworks/?fg=1 is not Broken
https://policies.google.com/privacy?hl=en-IN&fg=1 is not Broken
https://policies.google.com/terms?hl=en-IN&fg=1 is not Broken
https://www.google.com/preferences?hl=en-IN&fg=1 is not Broken
https://www.google.com/advanced_search?hl=en-IN&fg=1 is not Broken
https://www.google.com/history/privacyadvisor/search/unauth?utm_source=googlemenu&fg=1 is not Broken
https://www.google.com/history/optout?hl=en-IN&fg=1 is not Broken
https://support.google.com/websearch/?p=ws_results_help&hl=en-IN&fg=1 is not Broken
]]></system-out>
    <system-err><![CDATA[[main] INFO io.github.bonigarcia.wdm.WebDriverManager - Using chromedriver 103.0.5060.53 (resolved driver for Chrome 103)
[main] INFO io.github.bonigarcia.wdm.WebDriverManager - Exporting webdriver.chrome.driver as C:\Users\DELL\.cache\selenium\chromedriver\win32\103.0.5060.53\chromedriver.exe
Starting ChromeDriver 103.0.5060.53 (a1711811edd74ff1cf2150f36ffa3b0dae40b17f-refs/branch-heads/5060@{#853}) on port 50381
Only local connections are allowed.
Please see https://chromedriver.chromium.org/security-considerations for suggestions on keeping ChromeDriver safe.
ChromeDriver was started successfully.
Jul 05, 2022 6:40:00 AM org.openqa.selenium.remote.ProtocolHandshake createSession
INFO: Detected dialect: W3C
Jul 05, 2022 6:40:01 AM org.openqa.selenium.devtools.CdpVersionFinder findNearestMatch
WARNING: Unable to find an exact match for CDP version 103, so returning the closest version found: 101
Jul 05, 2022 6:40:01 AM org.openqa.selenium.devtools.CdpVersionFinder findNearestMatch
INFO: Found CDP implementation for version 103 of 101
]]></system-err>
  </testcase>
  <testcase name="title" classname="com.test.Google" time="0.113">
    <system-out><![CDATA[Google
]]></system-out>
    <system-err><![CDATA[[main] INFO io.github.bonigarcia.wdm.WebDriverManager - Using chromedriver 103.0.5060.53 (resolved driver for Chrome 103)
[main] INFO io.github.bonigarcia.wdm.WebDriverManager - Exporting webdriver.chrome.driver as C:\Users\DELL\.cache\selenium\chromedriver\win32\103.0.5060.53\chromedriver.exe
Starting ChromeDriver 103.0.5060.53 (a1711811edd74ff1cf2150f36ffa3b0dae40b17f-refs/branch-heads/5060@{#853}) on port 56390
Only local connections are allowed.
Please see https://chromedriver.chromium.org/security-considerations for suggestions on keeping ChromeDriver safe.
ChromeDriver was started successfully.
Jul 05, 2022 6:40:27 AM org.openqa.selenium.remote.ProtocolHandshake createSession
INFO: Detected dialect: W3C
Jul 05, 2022 6:40:27 AM org.openqa.selenium.devtools.CdpVersionFinder findNearestMatch
WARNING: Unable to find an exact match for CDP version 103, so returning the closest version found: 101
Jul 05, 2022 6:40:27 AM org.openqa.selenium.devtools.CdpVersionFinder findNearestMatch
INFO: Found CDP implementation for version 103 of 101
]]></system-err>
  </testcase>
  <testcase name="title" classname="com.test.Google" time="0.012">
    <system-out><![CDATA[Google
]]></system-out>
    <system-err><![CDATA[[main] INFO io.github.bonigarcia.wdm.WebDriverManager - Using chromedriver 103.0.5060.53 (resolved driver for Chrome 103)
[main] INFO io.github.bonigarcia.wdm.WebDriverManager - Exporting webdriver.chrome.driver as C:\Users\DELL\.cache\selenium\chromedriver\win32\103.0.5060.53\chromedriver.exe
Starting ChromeDriver 103.0.5060.53 (a1711811edd74ff1cf2150f36ffa3b0dae40b17f-refs/branch-heads/5060@{#853}) on port 56784
Only local connections are allowed.
Please see https://chromedriver.chromium.org/security-considerations for suggestions on keeping ChromeDriver safe.
ChromeDriver was started successfully.
Jul 05, 2022 6:40:33 AM org.openqa.selenium.remote.ProtocolHandshake createSession
INFO: Detected dialect: W3C
Jul 05, 2022 6:40:34 AM org.openqa.selenium.devtools.CdpVersionFinder findNearestMatch
WARNING: Unable to find an exact match for CDP version 103, so returning the closest version found: 101
Jul 05, 2022 6:40:34 AM org.openqa.selenium.devtools.CdpVersionFinder findNearestMatch
INFO: Found CDP implementation for version 103 of 101
]]></system-err>
  </testcase>
  <testcase name="googleLogo" classname="com.test.Google" time="0.429">
    <system-out><![CDATA[true
]]></system-out>
    <system-err><![CDATA[[main] INFO io.github.bonigarcia.wdm.WebDriverManager - Using chromedriver 103.0.5060.53 (resolved driver for Chrome 103)
[main] INFO io.github.bonigarcia.wdm.WebDriverManager - Exporting webdriver.chrome.driver as C:\Users\DELL\.cache\selenium\chromedriver\win32\103.0.5060.53\chromedriver.exe
Starting ChromeDriver 103.0.5060.53 (a1711811edd74ff1cf2150f36ffa3b0dae40b17f-refs/branch-heads/5060@{#853}) on port 56408
Only local connections are allowed.
Please see https://chromedriver.chromium.org/security-considerations for suggestions on keeping ChromeDriver safe.
ChromeDriver was started successfully.
Jul 05, 2022 6:40:39 AM org.openqa.selenium.remote.ProtocolHandshake createSession
INFO: Detected dialect: W3C
Jul 05, 2022 6:40:39 AM org.openqa.selenium.devtools.CdpVersionFinder findNearestMatch
WARNING: Unable to find an exact match for CDP version 103, so returning the closest version found: 101
Jul 05, 2022 6:40:39 AM org.openqa.selenium.devtools.CdpVersionFinder findNearestMatch
INFO: Found CDP implementation for version 103 of 101
]]></system-err>
  </testcase>
  <testcase name="logo" classname="com.test.googletest" time="0.316">
    <system-err><![CDATA[[main] INFO io.github.bonigarcia.wdm.WebDriverManager - Using chromedriver 103.0.5060.53 (resolved driver for Chrome 103)
[main] INFO io.github.bonigarcia.wdm.WebDriverManager - Exporting webdriver.chrome.driver as C:\Users\DELL\.cache\selenium\chromedriver\win32\103.0.5060.53\chromedriver.exe
Starting ChromeDriver 103.0.5060.53 (a1711811edd74ff1cf2150f36ffa3b0dae40b17f-refs/branch-heads/5060@{#853}) on port 56831
Only local connections are allowed.
Please see https://chromedriver.chromium.org/security-considerations for suggestions on keeping ChromeDriver safe.
ChromeDriver was started successfully.
Jul 05, 2022 6:40:45 AM org.openqa.selenium.remote.ProtocolHandshake createSession
INFO: Detected dialect: W3C
Jul 05, 2022 6:40:45 AM org.openqa.selenium.devtools.CdpVersionFinder findNearestMatch
WARNING: Unable to find an exact match for CDP version 103, so returning the closest version found: 101
Jul 05, 2022 6:40:45 AM org.openqa.selenium.devtools.CdpVersionFinder findNearestMatch
INFO: Found CDP implementation for version 103 of 101
]]></system-err>
  </testcase>
  <testcase name="login" classname="com.test.HubspotLogin" time="1.463">
    <system-err><![CDATA[[main] INFO io.github.bonigarcia.wdm.WebDriverManager - Using chromedriver 103.0.5060.53 (resolved driver for Chrome 103)
[main] INFO io.github.bonigarcia.wdm.WebDriverManager - Exporting webdriver.chrome.driver as C:\Users\DELL\.cache\selenium\chromedriver\win32\103.0.5060.53\chromedriver.exe
Starting ChromeDriver 103.0.5060.53 (a1711811edd74ff1cf2150f36ffa3b0dae40b17f-refs/branch-heads/5060@{#853}) on port 54970
Only local connections are allowed.
Please see https://chromedriver.chromium.org/security-considerations for suggestions on keeping ChromeDriver safe.
ChromeDriver was started successfully.
Jul 05, 2022 6:40:52 AM org.openqa.selenium.remote.ProtocolHandshake createSession
INFO: Detected dialect: W3C
Jul 05, 2022 6:40:52 AM org.openqa.selenium.devtools.CdpVersionFinder findNearestMatch
WARNING: Unable to find an exact match for CDP version 103, so returning the closest version found: 101
Jul 05, 2022 6:40:52 AM org.openqa.selenium.devtools.CdpVersionFinder findNearestMatch
INFO: Found CDP implementation for version 103 of 101
]]></system-err>
  </testcase>
</testsuite>