<?xml version="1.0" encoding="UTF-8"?>
<testng-results skipped="0" failed="0" ignored="0" total="6" passed="6">
  <reporter-output>
  </reporter-output>
  <suite name="Suite" duration-ms="64209" started-at="2022-07-05T06:39:52 EDT" finished-at="2022-07-05T06:40:56 EDT">
    <groups>
    </groups>
    <test name="Test" duration-ms="64209" started-at="2022-07-05T06:39:52 EDT" finished-at="2022-07-05T06:40:56 EDT">
      <class name="com.test.googletest">
        <test-method status="PASS" signature="launcBrowser()[pri:0, instance:com.test.googletest@289d1c02]" name="launcBrowser" is-config="true" duration-ms="4561" started-at="2022-07-05T06:40:43 EDT" finished-at="2022-07-05T06:40:48 EDT">
          <reporter-output>
          </reporter-output>
        </test-method> <!-- launcBrowser -->
        <test-method status="PASS" signature="logo()[pri:0, instance:com.test.googletest@289d1c02]" name="logo" duration-ms="317" started-at="2022-07-05T06:40:48 EDT" finished-at="2022-07-05T06:40:48 EDT">
          <reporter-output>
          </reporter-output>
        </test-method> <!-- logo -->
        <test-method status="PASS" signature="tearDown()[pri:0, instance:com.test.googletest@289d1c02]" name="tearDown" is-config="true" duration-ms="1100" started-at="2022-07-05T06:40:48 EDT" finished-at="2022-07-05T06:40:49 EDT">
          <reporter-output>
          </reporter-output>
        </test-method> <!-- tearDown -->
      </class> <!-- com.test.googletest -->
      <class name="com.test.HubspotLogin">
        <test-method status="PASS" signature="launchBrowser()[pri:0, instance:com.test.HubspotLogin@22eeefeb]" name="launchBrowser" is-config="true" duration-ms="4674" started-at="2022-07-05T06:40:49 EDT" finished-at="2022-07-05T06:40:54 EDT">
          <reporter-output>
          </reporter-output>
        </test-method> <!-- launchBrowser -->
        <test-method status="PASS" signature="login()[pri:0, instance:com.test.HubspotLogin@22eeefeb]" name="login" duration-ms="1457" started-at="2022-07-05T06:40:54 EDT" finished-at="2022-07-05T06:40:55 EDT">
          <reporter-output>
          </reporter-output>
        </test-method> <!-- login -->
        <test-method status="PASS" signature="tearDown()[pri:0, instance:com.test.HubspotLogin@22eeefeb]" name="tearDown" is-config="true" duration-ms="1085" started-at="2022-07-05T06:40:55 EDT" finished-at="2022-07-05T06:40:56 EDT">
          <reporter-output>
          </reporter-output>
        </test-method> <!-- tearDown -->
      </class> <!-- com.test.HubspotLogin -->
      <class name="com.test.Google">
        <test-method status="PASS" signature="launch()[pri:0, instance:com.test.Google@87f383f]" name="launch" is-config="true" duration-ms="11386" started-at="2022-07-05T06:39:52 EDT" finished-at="2022-07-05T06:40:04 EDT">
          <reporter-output>
          </reporter-output>
        </test-method> <!-- launch -->
        <test-method status="PASS" signature="getalllinks()[pri:1, instance:com.test.Google@87f383f]" name="getalllinks" duration-ms="20564" started-at="2022-07-05T06:40:04 EDT" finished-at="2022-07-05T06:40:24 EDT">
          <reporter-output>
          </reporter-output>
        </test-method> <!-- getalllinks -->
        <test-method status="PASS" signature="TearDown()[pri:0, instance:com.test.Google@87f383f]" name="TearDown" is-config="true" duration-ms="946" started-at="2022-07-05T06:40:24 EDT" finished-at="2022-07-05T06:40:25 EDT">
          <reporter-output>
          </reporter-output>
        </test-method> <!-- TearDown -->
        <test-method status="PASS" signature="launch()[pri:0, instance:com.test.Google@87f383f]" name="launch" is-config="true" duration-ms="5262" started-at="2022-07-05T06:40:25 EDT" finished-at="2022-07-05T06:40:30 EDT">
          <reporter-output>
          </reporter-output>
        </test-method> <!-- launch -->
        <test-method status="PASS" signature="title()[pri:2, instance:com.test.Google@87f383f]" name="title" duration-ms="114" started-at="2022-07-05T06:40:30 EDT" finished-at="2022-07-05T06:40:30 EDT">
          <reporter-output>
          </reporter-output>
        </test-method> <!-- title -->
        <test-method status="PASS" signature="TearDown()[pri:0, instance:com.test.Google@87f383f]" name="TearDown" is-config="true" duration-ms="754" started-at="2022-07-05T06:40:30 EDT" finished-at="2022-07-05T06:40:31 EDT">
          <reporter-output>
          </reporter-output>
        </test-method> <!-- TearDown -->
        <test-method status="PASS" signature="launch()[pri:0, instance:com.test.Google@87f383f]" name="launch" is-config="true" duration-ms="4635" started-at="2022-07-05T06:40:31 EDT" finished-at="2022-07-05T06:40:36 EDT">
          <reporter-output>
          </reporter-output>
        </test-method> <!-- launch -->
        <test-method status="PASS" signature="title()[pri:2, instance:com.test.Google@87f383f]" name="title" duration-ms="10" started-at="2022-07-05T06:40:36 EDT" finished-at="2022-07-05T06:40:36 EDT">
          <reporter-output>
          </reporter-output>
        </test-method> <!-- title -->
        <test-method status="PASS" signature="TearDown()[pri:0, instance:com.test.Google@87f383f]" name="TearDown" is-config="true" duration-ms="925" started-at="2022-07-05T06:40:36 EDT" finished-at="2022-07-05T06:40:37 EDT">
          <reporter-output>
          </reporter-output>
        </test-method> <!-- TearDown -->
        <test-method status="PASS" signature="launch()[pri:0, instance:com.test.Google@87f383f]" name="launch" is-config="true" duration-ms="4931" started-at="2022-07-05T06:40:37 EDT" finished-at="2022-07-05T06:40:42 EDT">
          <reporter-output>
          </reporter-output>
        </test-method> <!-- launch -->
        <test-method status="PASS" signature="googleLogo()[pri:0, instance:com.test.Google@87f383f]" name="googleLogo" duration-ms="427" started-at="2022-07-05T06:40:42 EDT" depends-on-methods="com.test.Google.title" finished-at="2022-07-05T06:40:42 EDT">
          <reporter-output>
          </reporter-output>
        </test-method> <!-- googleLogo -->
        <test-method status="PASS" signature="TearDown()[pri:0, instance:com.test.Google@87f383f]" name="TearDown" is-config="true" duration-ms="926" started-at="2022-07-05T06:40:42 EDT" finished-at="2022-07-05T06:40:43 EDT">
          <reporter-output>
          </reporter-output>
        </test-method> <!-- TearDown -->
      </class> <!-- com.test.Google -->
    </test> <!-- Test -->
  </suite> <!-- Suite -->
</testng-results>
